2024-03-19 11:41:40,388 - INFO - Starting weekly maintenance...
2024-03-19 11:41:40,388 - INFO - Deleted file: /home/utm/portfo/static/tareas/29SG20240115.zip
2024-03-19 11:41:40,388 - INFO - Deleted file: /home/utm/portfo/static/tareas/29SG20240214.zip
2024-03-19 11:41:40,388 - INFO - Deleted file: /home/utm/portfo/static/tareas/29SG20231106.zip
2024-03-19 11:41:40,388 - INFO - Deleted file: /home/utm/portfo/static/tareas/cd_catalog.xml
2024-03-19 11:41:40,388 - INFO - Weekly maintenance completed.
2024-03-19 12:50:55,899 - INFO - Starting weekly maintenance...
2024-03-19 12:50:55,900 - INFO - Weekly maintenance completed.
2024-03-19 12:50:59,885 - INFO - Starting weekly maintenance...
2024-03-19 12:50:59,885 - INFO - Weekly maintenance completed.
2024-03-19 12:51:19,516 - INFO - Starting weekly maintenance...
2024-03-19 12:51:19,516 - INFO - Weekly maintenance completed.
2024-03-19 12:56:47,878 - INFO - Starting weekly maintenance...
2024-03-19 12:56:47,878 - INFO - Weekly maintenance completed.
2024-03-19 12:56:48,130 - INFO - Starting weekly maintenance...
2024-03-19 12:56:48,131 - INFO - Weekly maintenance completed.
2024-03-19 12:56:48,381 - INFO - Starting weekly maintenance...
2024-03-19 12:56:48,381 - INFO - Weekly maintenance completed.
2024-03-19 12:56:48,631 - INFO - Starting weekly maintenance...
2024-03-19 12:56:48,631 - INFO - Weekly maintenance completed.
2024-03-19 12:56:48,880 - INFO - Starting weekly maintenance...
2024-03-19 12:56:48,880 - INFO - Weekly maintenance completed.
2024-03-19 12:56:49,132 - INFO - Starting weekly maintenance...
2024-03-19 12:56:49,132 - INFO - Weekly maintenance completed.
2024-03-19 12:56:49,381 - INFO - Starting weekly maintenance...
2024-03-19 12:56:49,381 - INFO - Weekly maintenance completed.
2024-03-19 12:56:49,631 - INFO - Starting weekly maintenance...
2024-03-19 12:56:49,631 - INFO - Weekly maintenance completed.
2024-03-19 12:56:49,882 - INFO - Starting weekly maintenance...
2024-03-19 12:56:49,882 - INFO - Weekly maintenance completed.
2024-03-19 12:56:50,131 - INFO - Starting weekly maintenance...
2024-03-19 12:56:50,132 - INFO - Weekly maintenance completed.
2024-03-19 12:57:41,030 - INFO - Starting weekly maintenance...
2024-03-19 12:57:41,030 - INFO - Weekly maintenance completed.
2024-03-19 12:57:41,380 - INFO - Starting weekly maintenance...
2024-03-19 12:57:41,380 - INFO - Weekly maintenance completed.
2024-03-19 12:57:41,630 - INFO - Starting weekly maintenance...
2024-03-19 12:57:41,630 - INFO - Weekly maintenance completed.
2024-03-19 12:57:41,883 - INFO - Starting weekly maintenance...
2024-03-19 12:57:41,883 - INFO - Weekly maintenance completed.
2024-03-19 12:57:42,132 - INFO - Starting weekly maintenance...
2024-03-19 12:57:42,132 - INFO - Weekly maintenance completed.
2024-03-19 13:05:11,299 - INFO - Starting weekly maintenance...
2024-03-19 13:05:11,300 - INFO - Weekly maintenance completed.
2024-03-19 13:05:11,631 - INFO - Starting weekly maintenance...
2024-03-19 13:05:11,631 - INFO - Weekly maintenance completed.
2024-03-19 13:05:11,880 - INFO - Starting weekly maintenance...
2024-03-19 13:05:11,881 - INFO - Weekly maintenance completed.
2024-03-19 13:05:12,131 - INFO - Starting weekly maintenance...
2024-03-19 13:05:12,131 - INFO - Weekly maintenance completed.
2024-03-19 13:05:12,380 - INFO - Starting weekly maintenance...
2024-03-19 13:05:12,380 - INFO - Weekly maintenance completed.
2024-03-19 13:07:28,107 - INFO - Starting weekly maintenance...
2024-03-19 13:07:28,108 - INFO - Weekly maintenance completed.
2024-03-19 13:07:28,371 - INFO - Starting weekly maintenance...
2024-03-19 13:07:28,371 - INFO - Weekly maintenance completed.
2024-03-19 13:07:28,621 - INFO - Starting weekly maintenance...
2024-03-19 13:07:28,622 - INFO - Weekly maintenance completed.
2024-03-19 13:07:28,875 - INFO - Starting weekly maintenance...
2024-03-19 13:07:28,875 - INFO - Weekly maintenance completed.
2024-03-19 13:07:29,123 - INFO - Starting weekly maintenance...
2024-03-19 13:07:29,123 - INFO - Weekly maintenance completed.
2024-03-19 13:08:35,330 - INFO - Starting weekly maintenance...
2024-03-19 13:08:35,330 - INFO - Deleted file: /home/utm/portfo/static/tareas/.giosave0ituiv
2024-03-19 13:08:35,330 - INFO - Deleted file: /home/utm/portfo/static/tareas/csrCodeList.xml
2024-03-19 13:08:35,330 - INFO - Weekly maintenance completed.
2024-03-19 13:08:35,628 - INFO - Starting weekly maintenance...
2024-03-19 13:08:35,629 - INFO - Weekly maintenance completed.
2024-03-19 13:08:35,878 - INFO - Starting weekly maintenance...
2024-03-19 13:08:35,878 - INFO - Weekly maintenance completed.
2024-03-19 13:08:36,128 - INFO - Starting weekly maintenance...
2024-03-19 13:08:36,128 - INFO - Weekly maintenance completed.
2024-03-19 13:08:36,379 - INFO - Starting weekly maintenance...
2024-03-19 13:08:36,379 - INFO - Weekly maintenance completed.
2024-03-19 13:12:29,081 - INFO - Starting weekly maintenance...
2024-03-19 13:12:29,081 - INFO - Deleted file: /home/utm/portfo/static/tareas/prova2.html
2024-03-19 13:12:29,081 - INFO - Weekly maintenance completed.
2024-03-19 13:12:29,372 - INFO - Starting weekly maintenance...
2024-03-19 13:12:29,372 - INFO - Weekly maintenance completed.
2024-03-19 13:12:29,623 - INFO - Starting weekly maintenance...
2024-03-19 13:12:29,624 - INFO - Weekly maintenance completed.
2024-03-19 13:12:29,872 - INFO - Starting weekly maintenance...
2024-03-19 13:12:29,873 - INFO - Weekly maintenance completed.
2024-03-19 13:12:30,122 - INFO - Starting weekly maintenance...
2024-03-19 13:12:30,122 - INFO - Weekly maintenance completed.
2024-03-19 13:15:01,893 - INFO - Starting weekly maintenance...
2024-03-19 13:15:01,893 - INFO - Deleted file: /home/utm/portfo/static/tareas/CSVtoCSR.zip
2024-03-19 13:15:01,893 - INFO - Deleted file: /home/utm/portfo/static/tareas/prova2.html
2024-03-19 13:15:01,893 - INFO - Weekly maintenance completed.
2024-03-19 13:15:02,121 - INFO - Starting weekly maintenance...
2024-03-19 13:15:02,121 - INFO - Weekly maintenance completed.
2024-03-19 13:15:02,373 - INFO - Starting weekly maintenance...
2024-03-19 13:15:02,374 - INFO - Weekly maintenance completed.
2024-03-19 13:15:02,623 - INFO - Starting weekly maintenance...
2024-03-19 13:15:02,623 - INFO - Weekly maintenance completed.
2024-03-19 13:15:02,872 - INFO - Starting weekly maintenance...
2024-03-19 13:15:02,872 - INFO - Weekly maintenance completed.
2024-03-19 13:29:30,840 - INFO - Starting weekly maintenance...
2024-03-19 13:29:30,840 - INFO - Deleted file: /home/utm/portfo/static/tareas/CSVtoCSR.zip
2024-03-19 13:29:30,840 - INFO - Deleted file: /home/utm/portfo/static/tareas/prova2.html
2024-03-19 13:29:30,840 - INFO - Weekly maintenance completed.
2024-03-19 13:32:28,753 - INFO - Starting weekly maintenance...
2024-03-19 13:32:28,753 - INFO - Deleted file: /home/utm/portfo/static/tareas/CSVtoCSR.zip
2024-03-19 13:32:28,753 - INFO - Deleted file: /home/utm/portfo/static/tareas/prova2.html
2024-03-19 13:32:28,753 - INFO - Weekly maintenance completed.
2024-03-19 13:35:01,051 - INFO - Starting weekly maintenance...
2024-03-19 13:35:01,051 - INFO - Weekly maintenance completed.
2024-03-22 12:40:33,776 - INFO - Starting weekly maintenance...
2024-03-22 12:40:33,836 - INFO - Deleted file: /home/utm/portfo/static/tareas/29SG20240115.zip
2024-03-22 12:40:33,837 - INFO - Deleted file: /home/utm/portfo/static/tareas/29HE2022020103.zip
2024-03-22 12:40:33,838 - INFO - Deleted file: /home/utm/portfo/static/tareas/CSVtoCSR.zip
2024-03-22 12:40:33,838 - INFO - Deleted file: /home/utm/portfo/static/tareas/prova2.html
2024-03-22 12:40:33,838 - INFO - Deleted file: /home/utm/portfo/static/tareas/29SG20231106.zip
2024-03-22 12:40:33,838 - INFO - Weekly maintenance completed.
2024-03-24 00:00:14,010 - INFO - Starting weekly maintenance...
2024-03-24 00:00:14,011 - INFO - Weekly maintenance completed.
